c:\users\justin\documents\visual studio 2013\projects\comp4411-modeler\debug\vc120.pdb
c:\users\justin\documents\visual studio 2013\projects\comp4411-modeler\debug\vc120.idb
c:\users\justin\documents\visual studio 2013\projects\comp4411-modeler\debug\bitmap.obj
c:\users\justin\documents\visual studio 2013\projects\comp4411-modeler\debug\camera.obj
c:\users\justin\documents\visual studio 2013\projects\comp4411-modeler\debug\gundam.obj
c:\users\justin\documents\visual studio 2013\projects\comp4411-modeler\debug\modelerapp.obj
c:\users\justin\documents\visual studio 2013\projects\comp4411-modeler\debug\modelerdraw.obj
c:\users\justin\documents\visual studio 2013\projects\comp4411-modeler\debug\modelerui.obj
c:\users\justin\documents\visual studio 2013\projects\comp4411-modeler\debug\modelerview.obj
c:\users\justin\documents\visual studio 2013\projects\comp4411-modeler\debug\sample.obj
c:\users\justin\documents\visual studio 2013\projects\comp4411-modeler\debug\modeler.ilk
c:\users\justin\documents\visual studio 2013\projects\comp4411-modeler\debug\modeler.exe
c:\users\justin\documents\visual studio 2013\projects\comp4411-modeler\debug\modeler.pdb
c:\users\justin\documents\visual studio 2013\projects\comp4411-modeler\.\debug\modeler.exe
c:\users\justin\documents\visual studio 2013\projects\comp4411-modeler\debug\modeler.tlog\cl.command.1.tlog
c:\users\justin\documents\visual studio 2013\projects\comp4411-modeler\debug\modeler.tlog\cl.read.1.tlog
c:\users\justin\documents\visual studio 2013\projects\comp4411-modeler\debug\modeler.tlog\cl.write.1.tlog
c:\users\justin\documents\visual studio 2013\projects\comp4411-modeler\debug\modeler.tlog\link.command.1.tlog
c:\users\justin\documents\visual studio 2013\projects\comp4411-modeler\debug\modeler.tlog\link.read.1.tlog
c:\users\justin\documents\visual studio 2013\projects\comp4411-modeler\debug\modeler.tlog\link.write.1.tlog
