Build started 10/16/2014 9:49:03 AM.
     1>Project "C:\Users\Andrianto Lie\Documents\COMP4411\ModSkelF14\modeler.vcxproj" on node 2 (Build target(s)).
     1>ClCompile:
         C:\Program Files (x86)\Microsoft Visual Studio 12.0\VC\bin\CL.exe /c /Ilocal\include /ZI /nologo /W3 /WX- /Od /Oy- /D WIN32 /D _DEBUG /D _CONSOLE /D _VC80_UPGRADE=0x0600 /D _MBCS /Gm /EHsc /RTC1 /MTd /GS /fp:precise /Zc:wchar_t /Zc:forScope /Fo".\Debug/" /Fd".\Debug/vc120.pdb" /Gd /TP /analyze- /errorReport:prompt gundam.cpp modelerapp.cpp modelerdraw.cpp modelerui.cxx
         gundam.cpp
     1>c:\users\andrianto lie\documents\comp4411\modskelf14\gundam.cpp(186): warning C4244: 'initializing' : conversion from 'double' to 'GLfloat', possible loss of data
         Generating Code...
         Skipping... (no relevant changes detected)
         modelerui.cxx
         modelerdraw.cpp
         modelerapp.cpp
       Link:
         C:\Program Files (x86)\Microsoft Visual Studio 12.0\VC\bin\link.exe /ERRORREPORT:PROMPT /OUT:".\Debug/modeler.exe" /INCREMENTAL /NOLOGO /LIBPATH:local\lib opengl32.lib glu32.lib wsock32.lib fltk.lib odbc32.lib odbccp32.lib kernel32.lib user32.lib gdi32.lib winspool.lib comdlg32.lib advapi32.lib shell32.lib ole32.lib oleaut32.lib uuid.lib odbc32.lib odbccp32.lib /NODEFAULTLIB:libcmt /MANIFEST /MANIFESTUAC:"level='asInvoker' uiAccess='false'" /manifest:embed /DEBUG /PDB:".\Debug/modeler.pdb" /SUBSYSTEM:CONSOLE /TLBID:1 /DYNAMICBASE:NO /IMPLIB:".\Debug\modeler.lib" /MACHINE:X86 /SAFESEH:NO .\Debug/bitmap.obj
         .\Debug/camera.obj
         .\Debug/gundam.obj
         .\Debug/modelerapp.obj
         .\Debug/modelerdraw.obj
         .\Debug/modelerui.obj
         .\Debug/modelerview.obj
         .\Debug/sample.obj
         modeler.vcxproj -> C:\Users\Andrianto Lie\Documents\COMP4411\ModSkelF14\.\Debug\modeler.exe
     1>Done Building Project "C:\Users\Andrianto Lie\Documents\COMP4411\ModSkelF14\modeler.vcxproj" (Build target(s)).

Build succeeded.

Time Elapsed 00:00:10.86
